<!DOCTYPE html>
<html xmlns="http://www.w3.org/1999/xhtml">
<head>
<title>Cucumber-JVM Html Reports - Feature: Apply to amaris </title>

<meta http-equiv="X-UA-Compatible" content="IE=edge" />
<meta http-equiv="Content-Type" content="text/html; charset=UTF-8" />
<link rel="stylesheet" href="blue/css/style.css" type="text/css" media="screen" />
<link rel="stylesheet" href="blue/css/skin/style.css" type="text/css" media="screen" />
<link rel="stylesheet" href="blue/css/960.css" type="text/css" media="screen" />
<link rel="stylesheet" href="blue/css/reset.css" type="text/css" media="screen" />
<link rel="stylesheet" href="blue/css/text.css" type="text/css" media="screen" />
<link rel="shortcut icon" href="blue/favicon.ico" />
<script src="http://ajax.googleapis.com/ajax/libs/jquery/1.11.2/jquery.min.js"></script>
<link rel="stylesheet" href="https://cdnjs.cloudflare.com/ajax/libs/lightbox2/2.7.1/css/lightbox.css">
<script src="https://cdnjs.cloudflare.com/ajax/libs/lightbox2/2.7.1/js/lightbox.min.js"></script>

<style>

h2 {
	font-size: 24px !important;
}

.feature-keyword {
	font-weight: bold;
}

.feature-description {
	padding-left: 15px;
	font-style: italic;
	background-color: beige;
}

.feature-role {
	font-weight: bold;
}

.feature-action {
	font-weight: bold;
}

.feature-value {
	font-weight: bold;
}

.feature-tags {
	padding-top: 10px;
	padding-left: 15px;
	color: darkblue;
}

.scenario-keyword {
	font-weight: bold;
	padding-left: 15px;
}

.scenario-scenario_name {
	padding-left: 15px;
}

.step-keyword {
	font-weight: bold;
	padding-left: 50px;
}

.step-error-message {
	background-color: #FFEEEE;
	padding-left: 50px;
	border: 1px solid #D88A8A;
}

.step-error-message-content {
	margin-bottom: 5px;
	overflow: auto;
}

.collapse {
	display:none;
}

.collapse + label {
	font-size: 12px;
	font-weight: bold;
	display:block;
	cursor: pointer;
	cursor: hand;
}

.collapse + label + * {
	display:none;
}

.collapse:checked + label + * {
	display:block;
}

.collapse + label:before {
	background-color: #4F5150;
	-webkit-border-radius: 10px;
	-moz-border-radius: 10px;
	border-radius: 10px;
	color: #FFFFFF;
	content: "+";
	display: block;
	float: left;
	font-weight: bold;
	height: 20px;
	line-height: 20px;
	margin-right: 5px;
	text-align: center;
	width: 20px;
}

.collapse:checked + label:before {
	content: "\2212";
}

.step-duration {
	float: right;
	padding-right: 15px;
}

.passed {
	background-color: #C5D88A;
}

.failed {
	background-color: #D88A8A;
}

.skipped {
	background-color: #88AAFF;
}

.pending {
	background-color: #FBB907;
}

.undefined {
	background-color: #FBB987;
}

.missing {
	background-color: #FBB9D7;
}

table.stats-table {
	color: black;
	width: 100%;
	border-width: 1px;
	border-spacing: 2px;
	border-style: outset;
	border-color: gray;
	border-collapse: collapse;
	background-color: white;
}

table.stats-table th {
	color: black;
	border-width: 1px;
	padding: 5px;
	border-style: inset;
	border-color: gray;
	background-color: #66CCEE;
	-moz-border-radius:;
}

table.stats-table td {
	color: black;
	text-align: center;
	border-width: 1px;
	padding: 5px;
	border-style: inset;
	border-color: gray;
	background-color: white;
	-moz-border-radius:;
}

table.data-table {
	color: black;
	border-width: 1px;
	border-spacing: 2px;
	border-style: outset;
	border-color: #d6d6d6;
	border-collapse: collapse;
	background-color: beige;
}

table.data-table th {
	color: black;
	border-width: 1px;
	padding: 5px;
	border-style: inset;
	border-color: #d6d6d6;
	background-color: #66CCEE;
}

table.data-table td {
	color: black;
	text-align: center;
	border-width: 1px;
	padding: 5px;
	border-style: inset;
	border-color: #d6d6d6;
	background-color: beige;
}

.data {
	padding-left: 50px;
	padding-bottom: 10px;
	padding-top: 10px;
}

.output-data {
	padding-left: 50px;
	background-color: beige;
	text-indent: 50px;
}

.doc-string {
	width: auto;
	display: inline-block;
	margin: 10px auto 10px 70px;
	padding: 10px;
	background-color: rgba(255, 255, 255, 0.35);
	border-radius: 10px;
	font-family: "Courier New", Courier, monospace;
	font-size: 95%;
}

.graph {
	margin-bottom: 50px;
	margin-top: 30px;
	clear: both;
	font-family: georgia, serif;
	font-size: 14px;
}

.graph-header h3 {
	margin-bottom: 0px;
}

.graph-header {
	text-align: center;
}

.graph-header p {
	margin-top: 0px;
}

.graph .legend td, .graph .legend, .graph .legend tr {
	padding: 0px;
	margin: 0px;
	border-collapse: collapse;
}

.graph .legend {
	margin-left: 10px;
}

.graph .legend td {
	padding-right: 5px;
}

.graph .legend .color-box {
	width: 14px;
	height: 10px;
	overflow: hidden;
}

.graph .label {
	text-align: center;
	padding-top: 5px;
	padding-bottom: 5px;
	display: block;
	position: absolute;
	right: -5px;
	top: 15px;
	-webkit-transform: rotate(45deg);
	-moz-transform: rotate(45deg);
}

table#tablesorter thead tr th {
	cursor: pointer;
}

</style>
</head>
<body id="top">

     <div id="fullwidth_header">
     <div class="container_12">
         <h1 class="grid_4 logo"><a href="feature-overview.html" class='ie6fix'>Cucumber</a></h1>

         <div id="nav">
             <ul>
                                  <li><a href="tag-overview.html">Tags</a></li>
                 <li><a href="feature-overview.html">Feature</a></li>
                 <li><a href="step-overview.html">Steps</a></li>
             </ul>
         </div>
     </div>
</div>

        <div id="fullwidth_gradient">
    <div class="container_12">
        <div class="grid_9 heading">
            <h2 id="feature-title">Result for <span style="color:#66CCEE;"><i>Apply to amaris</i></span> in build: </h2>
        </div>
    </div>
</div>

    <div class="container_12">
        <div class="grid_12">

            <div>
                <table class="stats-table">
                                        <thead>
    <tr>
                    <th></th>
                <th></th>
        <th id="stats-header-scenarios" colspan="3">Scenarios</th>
        <th id="stats-header-steps" colspan="7">Steps</th>
        <th></th>
        <th></th>
    </tr>
    <tr>
            <th id="stats-header-key">Feature</th>
                            <th id="stats-header-device">Device</th>
                        <th id="stats-header-scenarios-total">Total</th>
            <th id="stats-header-scenarios-passed">Passed</th>
            <th id="stats-header-scenarios-failed">Failed</th>
            <th id="stats-header-steps-total">Total</th>
            <th id="stats-header-steps-passed"    style="background-color:#00CE00;">Passed</th>
            <th id="stats-header-steps-failed"    style="background-color:#FF0000;">Failed</th>
            <th id="stats-header-steps-skipped"   style="background-color:#88AAFF;">Skipped</th>
            <th id="stats-header-steps-pending"   style="background-color:#FBB907;">Pending</th>
            <th id="stats-header-steps-undefined" style="background-color:#FBB957;">Undefined</th>
            <th id="stats-header-steps-missing"   style="background-color:#FBB9A7;">Missing</th>
            <th id="stats-header-duration">Duration</th>
            <th id="stats-header-status">Status</th>
    </tr>
</thead>
                    
                    
                    <tr>
                        <td><a id="stats-Apply to amaris" href="features-Apply-feature.html">Apply to amaris</a></td>
                                                  <td id="device">feature</td>
                                                <td id="stats-number-scenarios-Apply to amaris">3</td>
                        <td id="stats-number-scenarios-passed-Apply to amaris">0</td>
                        <td id="stats-number-scenarios-failed-Apply to amaris">3</td>
                        <td id="stats-number-steps-Apply to amaris">9</td>
                        <td id="stats-number-steps-passed-Apply to amaris">0</td>
                        <td id="stats-number-steps-failed-Apply to amaris"      style="background-color:#FF0000;" >4</td>
                        <td id="stats-number-steps-skipped-Apply to amaris"      style="background-color:#88AAFF;" >5</td>
                        <td id="stats-number-steps-pending-Apply to amaris"   >0</td>
                        <td id="stats-number-steps-undefined-Apply to amaris" >0</td>
                        <td id="stats-number-steps-missing-Apply to amaris"   >0</td>
                        <td id="stats-duration-Apply to amaris" style="text-align:right;white-space:nowrap">189ms</td>
                        <td id="stats-status-Apply to amaris" style="background-color: #FF0000;">failed</td></tr>

                </table>

            </div>

        <div style="color:black;">

            <div class="feature-tags"></div>
            <div class="failed"><div class="feature-line"><span class="feature-keyword">Feature:</span> Apply to amaris</div></div>
            <div class="feature-description"><span class="feature-action">I want to</span> be able to check that the amaris apply page is working correctly</div>

                            <div class="feature-tags"><a href="Apply.html">@Apply</a></div>
                <div class="failed"><span class="scenario-keyword">Scenario: </span> <span class="scenario-name">Open the amaris page</span></div>
                                  <div class="failed"><span class="step-keyword">Given  </span><span class="step-name">I navigate to the amaris web page</span><span class="step-duration">187ms</span><div class="step-error-message"><pre class="step-error-message-content"><input class="collapse" id="_1" type="checkbox"><label for="_1">java.lang.IllegalStateException: The driver executable does not exist: /Users/jgelais/git/temp/cucumber-selenium-and-gradle\build\chromedriver.exe</label><div>	at com.google.common.base.Preconditions.checkState(Preconditions.java:199)<br/>	at org.openqa.selenium.remote.service.DriverService.checkExecutable(DriverService.java:121)<br/>	at org.openqa.selenium.remote.service.DriverService.findExecutable(DriverService.java:116)<br/>	at org.openqa.selenium.chrome.ChromeDriverService.access$000(ChromeDriverService.java:32)<br/>	at org.openqa.selenium.chrome.ChromeDriverService$Builder.findDefaultExecutable(ChromeDriverService.java:137)<br/>	at org.openqa.selenium.remote.service.DriverService$Builder.build(DriverService.java:296)<br/>	at org.openqa.selenium.chrome.ChromeDriverService.createDefaultService(ChromeDriverService.java:88)<br/>	at org.openqa.selenium.chrome.ChromeDriver.<init>(ChromeDriver.java:116)<br/>	at webdriverContext.BrowserContext.<init>(BrowserContext.java:71)<br/>	at cucumber.steps.ApplySteps.i_navigate_to_the_amaris_web_page(ApplySteps.java:24)<br/>	at ✽.Given I navigate to the amaris web page(features/Apply.feature:24)<br/></div></pre></div></div>
                    
                                        <div class="output-data">
                                        </div>
                                  <div class="skipped"><span class="step-keyword">When  </span><span class="step-name">I click on the apply button</span><span class="step-duration">000ms</span></div>
                    
                                        <div class="output-data">
                                        </div>
                                  <div class="skipped"><span class="step-keyword">Then  </span><span class="step-name">The apply page has to be loaded correctly</span><span class="step-duration">000ms</span></div>
                    
                                        <div class="output-data">
                                        </div>
                                            <div class="feature-tags"><a href="still-to-do.html">@still-to-do</a></div>
                <div class="failed"><span class="scenario-keyword">Scenario Outline: </span> <span class="scenario-name">Title of your scenario outline</span></div>
                                  <div class="failed"><span class="step-keyword">Given  </span><span class="step-name">I want to write a step with name1</span><span class="step-duration">002ms</span><div class="step-error-message"><pre class="step-error-message-content"><input class="collapse" id="_2" type="checkbox"><label for="_2">cucumber.deps.com.thoughtworks.xstream.converters.ConversionException: Couldn't convert "name1" to an instance of: [class java.lang.Integer, int]</label><div>---- Debugging information ----<br/>-------------------------------<br/>	at cucumber.runtime.xstream.ConverterWithFormat.transform(ConverterWithFormat.java:31)<br/>	at cucumber.runtime.xstream.ConverterWithNumberFormat.transform(ConverterWithNumberFormat.java:18)<br/>	at cucumber.runtime.xstream.ConverterWithNumberFormat.transform(ConverterWithNumberFormat.java:8)<br/>	at cucumber.api.Transformer.fromString(Transformer.java:91)<br/>	at cucumber.deps.com.thoughtworks.xstream.converters.SingleValueConverterWrapper.fromString(SingleValueConverterWrapper.java:41)<br/>	at cucumber.runtime.ParameterInfo.convert(ParameterInfo.java:164)<br/>	at cucumber.runtime.StepDefinitionMatch.transformedArgs(StepDefinitionMatch.java:68)<br/>	at cucumber.runtime.StepDefinitionMatch.runStep(StepDefinitionMatch.java:37)<br/>	at cucumber.runtime.Runtime.runStep(Runtime.java:298)<br/>	at cucumber.runtime.model.StepContainer.runStep(StepContainer.java:44)<br/>	at cucumber.runtime.model.StepContainer.runSteps(StepContainer.java:39)<br/>	at cucumber.runtime.model.CucumberScenario.run(CucumberScenario.java:48)<br/>	at cucumber.runtime.model.CucumberScenarioOutline.run(CucumberScenarioOutline.java:46)<br/>	at cucumber.runtime.model.CucumberFeature.run(CucumberFeature.java:163)<br/>	at cucumber.runtime.Runtime.run(Runtime.java:120)<br/>	at cucumber.api.cli.Main.run(Main.java:36)<br/>	at cucumber.api.cli.Main.main(Main.java:18)<br/>	at ✽.Given I want to write a step with name1(features/Apply.feature:30)<br/></div></pre></div></div>
                    
                                        <div class="output-data">
                                        </div>
                                  <div class="skipped"><span class="step-keyword">When  </span><span class="step-name">I check for the 5 in step</span><span class="step-duration">000ms</span></div>
                    
                                        <div class="output-data">
                                        </div>
                                  <div class="skipped"><span class="step-keyword">Then  </span><span class="step-name">I verify the success in step</span><span class="step-duration">000ms</span></div>
                    
                                        <div class="output-data">
                                        </div>
                                            <div class="feature-tags"><a href="still-to-do.html">@still-to-do</a></div>
                <div class="failed"><span class="scenario-keyword">Scenario Outline: </span> <span class="scenario-name">Title of your scenario outline</span></div>
                                  <div class="failed"><span class="step-keyword">Given  </span><span class="step-name">I want to write a step with name2</span><span class="step-duration">000ms</span><div class="step-error-message"><pre class="step-error-message-content"><input class="collapse" id="_3" type="checkbox"><label for="_3">cucumber.deps.com.thoughtworks.xstream.converters.ConversionException: Couldn't convert "name2" to an instance of: [class java.lang.Integer, int]</label><div>---- Debugging information ----<br/>-------------------------------<br/>	at cucumber.runtime.xstream.ConverterWithFormat.transform(ConverterWithFormat.java:31)<br/>	at cucumber.runtime.xstream.ConverterWithNumberFormat.transform(ConverterWithNumberFormat.java:18)<br/>	at cucumber.runtime.xstream.ConverterWithNumberFormat.transform(ConverterWithNumberFormat.java:8)<br/>	at cucumber.api.Transformer.fromString(Transformer.java:91)<br/>	at cucumber.deps.com.thoughtworks.xstream.converters.SingleValueConverterWrapper.fromString(SingleValueConverterWrapper.java:41)<br/>	at cucumber.runtime.ParameterInfo.convert(ParameterInfo.java:164)<br/>	at cucumber.runtime.StepDefinitionMatch.transformedArgs(StepDefinitionMatch.java:68)<br/>	at cucumber.runtime.StepDefinitionMatch.runStep(StepDefinitionMatch.java:37)<br/>	at cucumber.runtime.Runtime.runStep(Runtime.java:298)<br/>	at cucumber.runtime.model.StepContainer.runStep(StepContainer.java:44)<br/>	at cucumber.runtime.model.StepContainer.runSteps(StepContainer.java:39)<br/>	at cucumber.runtime.model.CucumberScenario.run(CucumberScenario.java:48)<br/>	at cucumber.runtime.model.CucumberScenarioOutline.run(CucumberScenarioOutline.java:46)<br/>	at cucumber.runtime.model.CucumberFeature.run(CucumberFeature.java:163)<br/>	at cucumber.runtime.Runtime.run(Runtime.java:120)<br/>	at cucumber.api.cli.Main.run(Main.java:36)<br/>	at cucumber.api.cli.Main.main(Main.java:18)<br/>	at ✽.Given I want to write a step with name2(features/Apply.feature:30)<br/></div></pre></div></div>
                    
                                        <div class="output-data">
                                        </div>
                                  <div class="skipped"><span class="step-keyword">When  </span><span class="step-name">I check for the 7 in step</span><span class="step-duration">000ms</span></div>
                    
                                        <div class="output-data">
                                        </div>
                                  <div class="failed"><span class="step-keyword">Then  </span><span class="step-name">I verify the Fail in step</span><span class="step-duration">000ms</span><div class="step-error-message"><pre class="step-error-message-content"><input class="collapse" id="_4" type="checkbox"><label for="_4">cucumber.runtime.AmbiguousStepDefinitionsException: ✽.Then I verify the Fail in step(features/Apply.feature:32) matches more than one step definition:</label><div>  ^I verify the (.*) in step$ in ApplySteps.i_verify_the_success_in_step()<br/>  ^I verify the Fail in step$ in ApplySteps.i_verify_the_Fail_in_step()<br/><br/>	at cucumber.runtime.RuntimeGlue.stepDefinitionMatch(RuntimeGlue.java:71)<br/>	at cucumber.runtime.Runtime.runStep(Runtime.java:265)<br/>	at cucumber.runtime.model.StepContainer.runStep(StepContainer.java:44)<br/>	at cucumber.runtime.model.StepContainer.runSteps(StepContainer.java:39)<br/>	at cucumber.runtime.model.CucumberScenario.run(CucumberScenario.java:48)<br/>	at cucumber.runtime.model.CucumberScenarioOutline.run(CucumberScenarioOutline.java:46)<br/>	at cucumber.runtime.model.CucumberFeature.run(CucumberFeature.java:163)<br/>	at cucumber.runtime.Runtime.run(Runtime.java:120)<br/>	at cucumber.api.cli.Main.run(Main.java:36)<br/>	at cucumber.api.cli.Main.main(Main.java:18)<br/></div></pre></div></div>
                    
                                        <div class="output-data">
                                        </div>
                            
    </div>
</div>


<div class="container_12">
    <div class="grid_12 hr"></div>
    <div class="grid_12 footer">
        <p style="text-align:center;"><a href="https://github.com/damianszczepanik/jenkins-cucumber-jvm-reports-plugin-java">Cucumber-JVM Jenkins Report Plugin</a> - build: 18-05-2016 16:14:27</p>
    </div>
</div>
<div class="clear"></div>

</body>
</html>
